<?xml version="1.0" encoding="UTF-8"?>
<testng-results ignored="0" total="1" passed="1" failed="0" skipped="0">
  <reporter-output>
  </reporter-output>
  <suite started-at="2024-08-21T23:56:19 PDT" name="Default suite" finished-at="2024-08-21T23:56:28 PDT" duration-ms="9573">
    <groups>
    </groups>
    <test started-at="2024-08-21T23:56:19 PDT" name="Default test" finished-at="2024-08-21T23:56:28 PDT" duration-ms="9573">
      <class name="com.dropdown.TestDDMethods">
        <test-method signature="setUp()[pri:0, instance:com.dropdown.TestDDMethods@1afd44cb]" started-at="2024-08-21T23:56:19 PDT" name="setUp" finished-at="2024-08-21T23:56:28 PDT" duration-ms="9492" status="PASS">
          <reporter-output>
          </reporter-output>
        </test-method> <!-- setUp -->
      </class> <!-- com.dropdown.TestDDMethods -->
    </test> <!-- Default test -->
  </suite> <!-- Default suite -->
</testng-results>
